<?xml version="1.0" encoding="UTF-8"?>
<robot generator="Robot 3.1.2 (Python 3.6.4 on win32)" generated="20220213 16:06:36.212" rpa="false">
<suite id="s1" name="BB automation" source="C:\Users\Ravikumar G\Desktop\Python\MyGIT\BB_Automation\Testcases\BB_automation.robot">
<test id="s1-t1" name="TC01_Accountsummaryverfication">
<kw name="Openbb_app" library="app_keywords">
<kw name="Open Browser" library="SeleniumLibrary">
<doc>Opens a new browser instance to the optional ``url``.</doc>
<arguments>
<arg>${url}</arg>
<arg>${browser}</arg>
</arguments>
<msg timestamp="20220213 16:06:41.703" level="INFO">Opening browser 'gc' to base url 'https://bbsitedemo.btbanking.com/onlineserv/CM/?D=5472'.</msg>
<status status="PASS" starttime="20220213 16:06:41.702" endtime="20220213 16:06:50.280"></status>
</kw>
<kw name="Maximize Browser Window" library="SeleniumLibrary">
<doc>Maximizes current browser window.</doc>
<status status="PASS" starttime="20220213 16:06:50.280" endtime="20220213 16:06:50.436"></status>
</kw>
<kw name="web_clickelement" library="Commonkeywords">
<arguments>
<arg>landingpage</arg>
<arg>loginlink</arg>
</arguments>
<kw name="GetLocatorDetails" library="Commonkeywords">
<arguments>
<arg>${pagename}</arg>
<arg>${fieldname}</arg>
</arguments>
<kw name="Openexcel" library="excellib">
<arguments>
<arg>${ObjFile}</arg>
<arg>Sheet</arg>
</arguments>
<status status="PASS" starttime="20220213 16:06:50.438" endtime="20220213 16:06:50.517"></status>
</kw>
<kw name="Filterbasedonpagenameandfieldname" library="excellib">
<arguments>
<arg>${pagename}</arg>
<arg>${fieldname}</arg>
</arguments>
<status status="PASS" starttime="20220213 16:06:50.518" endtime="20220213 16:06:50.523"></status>
</kw>
<kw name="Converttolist" library="excellib">
<assign>
<var>${result}</var>
</assign>
<msg timestamp="20220213 16:06:50.525" level="INFO">${result} = [['landingpage', 'loginlink', '//a[text()="Click here to view an Interactive Demo"]', '20s', '1s', nan]]</msg>
<status status="PASS" starttime="20220213 16:06:50.523" endtime="20220213 16:06:50.525"></status>
</kw>
<kw name="Set Test Variable" library="BuiltIn">
<doc>Makes a variable available everywhere within the scope of the current test.</doc>
<arguments>
<arg>${name}</arg>
<arg>${result}[0][0]</arg>
</arguments>
<msg timestamp="20220213 16:06:50.533" level="INFO">${name} = landingpage</msg>
<status status="PASS" starttime="20220213 16:06:50.525" endtime="20220213 16:06:50.533"></status>
</kw>
<kw name="Set Test Variable" library="BuiltIn">
<doc>Makes a variable available everywhere within the scope of the current test.</doc>
<arguments>
<arg>${field}</arg>
<arg>${result}[0][1]</arg>
</arguments>
<msg timestamp="20220213 16:06:50.539" level="INFO">${field} = loginlink</msg>
<status status="PASS" starttime="20220213 16:06:50.534" endtime="20220213 16:06:50.539"></status>
</kw>
<kw name="Set Test Variable" library="BuiltIn">
<doc>Makes a variable available everywhere within the scope of the current test.</doc>
<arguments>
<arg>${locator}</arg>
<arg>${result}[0][2]</arg>
</arguments>
<msg timestamp="20220213 16:06:50.546" level="INFO">${locator} = //a[text()="Click here to view an Interactive Demo"]</msg>
<status status="PASS" starttime="20220213 16:06:50.540" endtime="20220213 16:06:50.546"></status>
</kw>
<kw name="Set Test Variable" library="BuiltIn">
<doc>Makes a variable available everywhere within the scope of the current test.</doc>
<arguments>
<arg>${beforewait}</arg>
<arg>${result}[0][3]</arg>
</arguments>
<msg timestamp="20220213 16:06:50.551" level="INFO">${beforewait} = 20s</msg>
<status status="PASS" starttime="20220213 16:06:50.547" endtime="20220213 16:06:50.551"></status>
</kw>
<kw name="Set Test Variable" library="BuiltIn">
<doc>Makes a variable available everywhere within the scope of the current test.</doc>
<arguments>
<arg>${afterwait}</arg>
<arg>${result}[0][4]</arg>
</arguments>
<msg timestamp="20220213 16:06:50.556" level="INFO">${afterwait} = 1s</msg>
<status status="PASS" starttime="20220213 16:06:50.552" endtime="20220213 16:06:50.557"></status>
</kw>
<status status="PASS" starttime="20220213 16:06:50.437" endtime="20220213 16:06:50.557"></status>
</kw>
<kw name="Run Keyword And Return Status" library="BuiltIn">
<doc>Runs the given keyword with given arguments and returns the status as a Boolean value.</doc>
<arguments>
<arg>Wait Until Element Is Visible</arg>
<arg>${locator}</arg>
<arg>${beforewait}</arg>
</arguments>
<assign>
<var>${keywordstatus}</var>
</assign>
<kw name="Wait Until Element Is Visible" library="SeleniumLibrary">
<doc>Waits until the element ``locator`` is visible.</doc>
<arguments>
<arg>${locator}</arg>
<arg>${beforewait}</arg>
</arguments>
<status status="PASS" starttime="20220213 16:06:50.565" endtime="20220213 16:06:50.656"></status>
</kw>
<msg timestamp="20220213 16:06:50.656" level="INFO">${keywordstatus} = True</msg>
<status status="PASS" starttime="20220213 16:06:50.557" endtime="20220213 16:06:50.656"></status>
</kw>
<kw name="Run Keyword And Return Status" library="BuiltIn">
<doc>Runs the given keyword with given arguments and returns the status as a Boolean value.</doc>
<arguments>
<arg>Click Element</arg>
<arg>${locator}</arg>
</arguments>
<assign>
<var>${keywordstatus}</var>
</assign>
<kw name="Click Element" library="SeleniumLibrary">
<doc>Click the element identified by ``locator``.</doc>
<arguments>
<arg>${locator}</arg>
</arguments>
<msg timestamp="20220213 16:06:50.659" level="INFO">Clicking element '//a[text()="Click here to view an Interactive Demo"]'.</msg>
<status status="PASS" starttime="20220213 16:06:50.658" endtime="20220213 16:06:54.582"></status>
</kw>
<msg timestamp="20220213 16:06:54.582" level="INFO">${keywordstatus} = True</msg>
<status status="PASS" starttime="20220213 16:06:50.657" endtime="20220213 16:06:54.582"></status>
</kw>
<kw name="Sleep" library="BuiltIn">
<doc>Pauses the test executed for the given time.</doc>
<arguments>
<arg>${afterwait}</arg>
</arguments>
<msg timestamp="20220213 16:06:55.592" level="INFO">Slept 1 second</msg>
<status status="PASS" starttime="20220213 16:06:54.582" endtime="20220213 16:06:55.593"></status>
</kw>
<kw name="Run Keyword If" library="BuiltIn">
<doc>Runs the given keyword with the given arguments, if ``condition`` is true.</doc>
<arguments>
<arg>"${keywordstatus}"=="False"</arg>
<arg>Fail</arg>
<arg>${fieldname} is not visible on the screen \ ${pagename}... so please check</arg>
</arguments>
<status status="PASS" starttime="20220213 16:06:55.593" endtime="20220213 16:06:55.594"></status>
</kw>
<status status="PASS" starttime="20220213 16:06:50.436" endtime="20220213 16:06:55.595"></status>
</kw>
<status status="PASS" starttime="20220213 16:06:41.701" endtime="20220213 16:06:55.595"></status>
</kw>
<status status="PASS" starttime="20220213 16:06:41.698" endtime="20220213 16:06:55.596" critical="yes"></status>
</test>
<status status="PASS" starttime="20220213 16:06:36.219" endtime="20220213 16:06:55.598"></status>
</suite>
<statistics>
<total>
<stat pass="1" fail="0">Critical Tests</stat>
<stat pass="1" fail="0">All Tests</stat>
</total>
<tag>
</tag>
<suite>
<stat pass="1" fail="0" id="s1" name="BB automation">BB automation</stat>
</suite>
</statistics>
<errors>
</errors>
</robot>
