<?xml version="1.0" encoding="UTF-8"?>
<robot generator="Robot 4.1.3 (Python 3.8.10 on linux)" generated="20220202 22:54:03.234" rpa="false" schemaversion="2">
<suite id="s1" name="BB automation" source="/media/kanthan/New Volume/bb_autorepo/BB_Automation/Testcases/BB_automation.robot">
<test id="s1-t1" name="TC01_Accountsummaryverfication">
<kw name="Openbb_app" library="app_keywords">
<kw name="Open Browser" library="SeleniumLibrary">
<arg>${url}</arg>
<arg>${browser}</arg>
<doc>Opens a new browser instance to the optional ``url``.</doc>
<msg timestamp="20220202 22:54:03.978" level="INFO">Opening browser 'gc' to base url 'https://bbsitedemo.btbanking.com/onlineserv/CM/?D=5472'.</msg>
<status status="PASS" starttime="20220202 22:54:03.978" endtime="20220202 22:54:09.152"/>
</kw>
<kw name="web_clickelement" library="Commonkeywords">
<arg>landingpage</arg>
<arg>loginlink</arg>
<kw name="GetLocatorDetails" library="Commonkeywords">
<arg>${pagename}</arg>
<arg>${fieldname}</arg>
<kw name="Openexcel" library="excellib">
<arg>${ObjFile}</arg>
<arg>Sheet</arg>
<status status="PASS" starttime="20220202 22:54:09.153" endtime="20220202 22:54:09.174"/>
</kw>
<kw name="Filterbasedonpagenameandfieldname" library="excellib">
<arg>${pagename}</arg>
<arg>${fieldname}</arg>
<status status="PASS" starttime="20220202 22:54:09.175" endtime="20220202 22:54:09.176"/>
</kw>
<kw name="Converttolist" library="excellib">
<var>${result}</var>
<msg timestamp="20220202 22:54:09.177" level="INFO">${result} = [['landingpage', 'loginlink', '//a[text()="Click here to view an Interactive Demo"]', '20s', '1s']]</msg>
<status status="PASS" starttime="20220202 22:54:09.177" endtime="20220202 22:54:09.177"/>
</kw>
<kw name="Set Test Variable" library="BuiltIn">
<arg>${name}</arg>
<arg>${result}[0][0]</arg>
<doc>Makes a variable available everywhere within the scope of the current test.</doc>
<msg timestamp="20220202 22:54:09.180" level="INFO">${name} = landingpage</msg>
<status status="PASS" starttime="20220202 22:54:09.178" endtime="20220202 22:54:09.180"/>
</kw>
<kw name="Set Test Variable" library="BuiltIn">
<arg>${field}</arg>
<arg>${result}[0][1]</arg>
<doc>Makes a variable available everywhere within the scope of the current test.</doc>
<msg timestamp="20220202 22:54:09.181" level="INFO">${field} = loginlink</msg>
<status status="PASS" starttime="20220202 22:54:09.180" endtime="20220202 22:54:09.181"/>
</kw>
<kw name="Set Test Variable" library="BuiltIn">
<arg>${locator}</arg>
<arg>${result}[0][2]</arg>
<doc>Makes a variable available everywhere within the scope of the current test.</doc>
<msg timestamp="20220202 22:54:09.182" level="INFO">${locator} = //a[text()="Click here to view an Interactive Demo"]</msg>
<status status="PASS" starttime="20220202 22:54:09.181" endtime="20220202 22:54:09.182"/>
</kw>
<kw name="Set Test Variable" library="BuiltIn">
<arg>${beforewait}</arg>
<arg>${result}[0][3]</arg>
<doc>Makes a variable available everywhere within the scope of the current test.</doc>
<msg timestamp="20220202 22:54:09.183" level="INFO">${beforewait} = 20s</msg>
<status status="PASS" starttime="20220202 22:54:09.182" endtime="20220202 22:54:09.183"/>
</kw>
<kw name="Set Test Variable" library="BuiltIn">
<arg>${afterwait}</arg>
<arg>${result}[0][4]</arg>
<doc>Makes a variable available everywhere within the scope of the current test.</doc>
<msg timestamp="20220202 22:54:09.184" level="INFO">${afterwait} = 1s</msg>
<status status="PASS" starttime="20220202 22:54:09.183" endtime="20220202 22:54:09.184"/>
</kw>
<status status="PASS" starttime="20220202 22:54:09.153" endtime="20220202 22:54:09.184"/>
</kw>
<kw name="Run Keyword And Return Status" library="BuiltIn">
<var>${keywordstatus}</var>
<arg>Wait Until Element Is Visible</arg>
<arg>${locator}</arg>
<arg>${beforewait}</arg>
<doc>Runs the given keyword with given arguments and returns the status as a Boolean value.</doc>
<kw name="Wait Until Element Is Visible" library="SeleniumLibrary">
<arg>${locator}</arg>
<arg>${beforewait}</arg>
<doc>Waits until the element ``locator`` is visible.</doc>
<status status="PASS" starttime="20220202 22:54:09.185" endtime="20220202 22:54:09.215"/>
</kw>
<msg timestamp="20220202 22:54:09.215" level="INFO">${keywordstatus} = True</msg>
<status status="PASS" starttime="20220202 22:54:09.184" endtime="20220202 22:54:09.215"/>
</kw>
<kw name="Run Keyword And Return Status" library="BuiltIn">
<var>${keywordstatus}</var>
<arg>Click Element</arg>
<arg>${locator}</arg>
<doc>Runs the given keyword with given arguments and returns the status as a Boolean value.</doc>
<kw name="Click Element" library="SeleniumLibrary">
<arg>${locator}</arg>
<doc>Click the element identified by ``locator``.</doc>
<msg timestamp="20220202 22:54:09.216" level="INFO">Clicking element '//a[text()="Click here to view an Interactive Demo"]'.</msg>
<status status="PASS" starttime="20220202 22:54:09.216" endtime="20220202 22:54:13.554"/>
</kw>
<msg timestamp="20220202 22:54:13.554" level="INFO">${keywordstatus} = True</msg>
<status status="PASS" starttime="20220202 22:54:09.216" endtime="20220202 22:54:13.555"/>
</kw>
<kw name="Sleep" library="BuiltIn">
<arg>${afterwait}</arg>
<doc>Pauses the test executed for the given time.</doc>
<msg timestamp="20220202 22:54:14.555" level="INFO">Slept 1 second</msg>
<status status="PASS" starttime="20220202 22:54:13.555" endtime="20220202 22:54:14.556"/>
</kw>
<kw name="Run Keyword If" library="BuiltIn">
<arg>"${keywordstatus}"=="False"</arg>
<arg>Fail</arg>
<arg>${fieldname} is not visible on the screen \ ${pagename}... so please check</arg>
<doc>Runs the given keyword with the given arguments, if ``condition`` is true.</doc>
<status status="PASS" starttime="20220202 22:54:14.556" endtime="20220202 22:54:14.556"/>
</kw>
<status status="PASS" starttime="20220202 22:54:09.152" endtime="20220202 22:54:14.557"/>
</kw>
<status status="PASS" starttime="20220202 22:54:03.977" endtime="20220202 22:54:14.557"/>
</kw>
<kw name="Close All Browsers" library="SeleniumLibrary" type="TEARDOWN">
<doc>Closes all open browsers and resets the browser cache.</doc>
<status status="PASS" starttime="20220202 22:54:14.557" endtime="20220202 22:54:14.623"/>
</kw>
<status status="PASS" starttime="20220202 22:54:03.977" endtime="20220202 22:54:14.623"/>
</test>
<status status="PASS" starttime="20220202 22:54:03.236" endtime="20220202 22:54:14.626"/>
</suite>
<statistics>
<total>
<stat pass="1" fail="0" skip="0">All Tests</stat>
</total>
<tag>
</tag>
<suite>
<stat pass="1" fail="0" skip="0" id="s1" name="BB automation">BB automation</stat>
</suite>
</statistics>
<errors>
</errors>
</robot>
