<?xml version="1.0" encoding="UTF-8"?>
<robot generator="Robot 4.1 (Python 3.9.0 on linux)" generated="20220312 11:37:17.968" rpa="false" schemaversion="2">
<suite id="s1" name="Tests" source="/opt/robotframework/tests">
<suite id="s1-s1" name="BB automation" source="/opt/robotframework/tests/BB_automation.robot">
<test id="s1-s1-t1" name="TC01_Accountsummaryverfication">
<kw name="Openbb_app">
<msg timestamp="20220312 11:37:18.227" level="FAIL">No keyword with name 'Openbb_app' found.</msg>
<status status="FAIL" starttime="20220312 11:37:18.226" endtime="20220312 11:37:18.227"/>
</kw>
<kw name="Maximize Browser Window">
<status status="NOT RUN" starttime="20220312 11:37:18.242" endtime="20220312 11:37:18.242"/>
</kw>
<kw name="web_Mouseover">
<arg>landingpage</arg>
<arg>Administration</arg>
<status status="NOT RUN" starttime="20220312 11:37:18.259" endtime="20220312 11:37:18.260"/>
</kw>
<kw name="web_clickelement">
<arg>landingpage</arg>
<arg>add_edit_user</arg>
<status status="NOT RUN" starttime="20220312 11:37:18.269" endtime="20220312 11:37:18.270"/>
</kw>
<kw name="Handle Alert">
<arg>ACCEPT</arg>
<status status="NOT RUN" starttime="20220312 11:37:18.284" endtime="20220312 11:37:18.284"/>
</kw>
<kw name="web_inputtext">
<arg>add_edit_user</arg>
<arg>Username</arg>
<arg>karthikeyan</arg>
<status status="NOT RUN" starttime="20220312 11:37:18.297" endtime="20220312 11:37:18.297"/>
</kw>
<status status="FAIL" starttime="20220312 11:37:18.207" endtime="20220312 11:37:18.298">No keyword with name 'Openbb_app' found.</status>
</test>
<test id="s1-s1-t2" name="TC02_AddMainBatchTemplate_use_lower_case_letters">
<kw name="web_createBatchTemplate">
<arg>a</arg>
<msg timestamp="20220312 11:37:18.319" level="FAIL">No keyword with name 'web_createBatchTemplate' found.</msg>
<status status="FAIL" starttime="20220312 11:37:18.318" endtime="20220312 11:37:18.319"/>
</kw>
<kw name="web_createBatchTemplate">
<arg>b</arg>
<status status="NOT RUN" starttime="20220312 11:37:18.327" endtime="20220312 11:37:18.328"/>
</kw>
<kw name="web_createBatchTemplate">
<arg>c</arg>
<status status="NOT RUN" starttime="20220312 11:37:18.338" endtime="20220312 11:37:18.339"/>
</kw>
<kw name="web_createBatchTemplate">
<arg>d</arg>
<status status="NOT RUN" starttime="20220312 11:37:18.349" endtime="20220312 11:37:18.349"/>
</kw>
<kw name="Close All Browsers" type="TEARDOWN">
<msg timestamp="20220312 11:37:18.364" level="FAIL">No keyword with name 'Close All Browsers' found.</msg>
<status status="FAIL" starttime="20220312 11:37:18.364" endtime="20220312 11:37:18.364">No keyword with name 'Close All Browsers' found.</status>
</kw>
<status status="FAIL" starttime="20220312 11:37:18.299" endtime="20220312 11:37:18.364">No keyword with name 'web_createBatchTemplate' found.

Also teardown failed:
No keyword with name 'Close All Browsers' found.</status>
</test>
<test id="s1-s1-t3" name="TC04_AccountActivitiesAndRreporting_CreateReports">
<kw name="Openbb_app">
<msg timestamp="20220312 11:37:18.386" level="FAIL">No keyword with name 'Openbb_app' found.</msg>
<status status="FAIL" starttime="20220312 11:37:18.385" endtime="20220312 11:37:18.386"/>
</kw>
<kw name="Sleep" library="BuiltIn">
<arg>10s</arg>
<doc>Pauses the test executed for the given time.</doc>
<status status="NOT RUN" starttime="20220312 11:37:18.387" endtime="20220312 11:37:18.387"/>
</kw>
<kw name="CreateReports">
<status status="NOT RUN" starttime="20220312 11:37:18.401" endtime="20220312 11:37:18.403"/>
</kw>
<status status="FAIL" starttime="20220312 11:37:18.366" endtime="20220312 11:37:18.404">No keyword with name 'Openbb_app' found.</status>
</test>
<status status="FAIL" starttime="20220312 11:37:18.116" endtime="20220312 11:37:18.406"/>
</suite>
<status status="FAIL" starttime="20220312 11:37:17.975" endtime="20220312 11:37:18.409"/>
</suite>
<statistics>
<total>
<stat pass="0" fail="3" skip="0">All Tests</stat>
</total>
<tag>
</tag>
<suite>
<stat pass="0" fail="3" skip="0" id="s1" name="Tests">Tests</stat>
<stat pass="0" fail="3" skip="0" id="s1-s1" name="BB automation">Tests.BB automation</stat>
</suite>
</statistics>
<errors>
<msg timestamp="20220312 11:37:18.124" level="ERROR">Error in file '/opt/robotframework/tests/BB_automation.robot' on line 4: Resource file '../Libraries/librarymanager.txt' does not exist.</msg>
<msg timestamp="20220312 11:37:18.128" level="ERROR">Error in file '/opt/robotframework/tests/BB_automation.robot' on line 5: Resource file '../Resources/ResourceManger.txt' does not exist.</msg>
<msg timestamp="20220312 11:37:18.135" level="ERROR">Error in file '/opt/robotframework/tests/BB_automation.robot' on line 6: Test library '../scripts/excellib.py' does not exist.</msg>
<msg timestamp="20220312 11:37:18.138" level="ERROR">Error in file '/opt/robotframework/tests/BB_automation.robot' on line 7: Importing library 'ExcelLibrary' failed: ModuleNotFoundError: No module named 'ExcelLibrary'
Traceback (most recent call last):
  None
PYTHONPATH:
  /usr/local/bin
  /usr/local/lib/python39.zip
  /usr/local/lib/python3.9
  /usr/local/lib/python3.9/lib-dynload
  /usr/local/lib/python3.9/site-packages</msg>
</errors>
</robot>
