<?xml version="1.0" encoding="UTF-8"?>
<robot generator="Robot 3.1.2 (Python 3.6.8 on win32)" generated="20220206 12:44:13.343" rpa="false">
<suite id="s1" name="BB automation" source="I:\OLA_Robot_Framework\git_automation\BB_Automation\Testcases\BB_automation.robot">
<test id="s1-t1" name="TC01_Accountsummaryverfication">
<kw name="Openbb_app" library="app_keywords">
<kw name="Open Browser" library="SeleniumLibrary">
<doc>Opens a new browser instance to the optional ``url``.</doc>
<arguments>
<arg>${url}</arg>
<arg>${browser}</arg>
</arguments>
<msg timestamp="20220206 12:44:15.119" level="INFO">Opening browser 'gc' to base url 'https://bbsitedemo.btbanking.com/onlineserv/CM/?D=5472'.</msg>
<status status="PASS" starttime="20220206 12:44:15.119" endtime="20220206 12:44:18.726"></status>
</kw>
<kw name="web_clickelement" library="Commonkeywords">
<arguments>
<arg>landingpage</arg>
<arg>loginlink</arg>
</arguments>
<kw name="GetLocatorDetails" library="Commonkeywords">
<arguments>
<arg>${pagename}</arg>
<arg>${fieldname}</arg>
</arguments>
<kw name="Log Many" library="BuiltIn">
<doc>Logs the given messages as separate entries using the INFO level.</doc>
<arguments>
<arg>${ObjFile}</arg>
<arg>${pagename}</arg>
<arg>${fieldname}</arg>
</arguments>
<msg timestamp="20220206 12:44:18.727" level="INFO">I:\OLA_Robot_Framework\git_automation\BB_Automation\Testcases//Testdata//Objectrepo//objectrepo.xlsx</msg>
<msg timestamp="20220206 12:44:18.728" level="INFO">landingpage</msg>
<msg timestamp="20220206 12:44:18.728" level="INFO">loginlink</msg>
<status status="PASS" starttime="20220206 12:44:18.727" endtime="20220206 12:44:18.728"></status>
</kw>
<kw name="Openexcel" library="excellib">
<arguments>
<arg>${ObjFile}</arg>
<arg>Sheet</arg>
</arguments>
<msg timestamp="20220206 12:44:18.747" level="FAIL">FileNotFoundError: [Errno 2] No such file or directory: 'I:\\OLA_Robot_Framework\\git_automation\\BB_Automation\\Testcases//Testdata//Objectrepo//objectrepo.xlsx'</msg>
<status status="FAIL" starttime="20220206 12:44:18.728" endtime="20220206 12:44:18.747"></status>
</kw>
<status status="FAIL" starttime="20220206 12:44:18.726" endtime="20220206 12:44:18.747"></status>
</kw>
<status status="FAIL" starttime="20220206 12:44:18.726" endtime="20220206 12:44:18.747"></status>
</kw>
<status status="FAIL" starttime="20220206 12:44:15.118" endtime="20220206 12:44:18.747"></status>
</kw>
<kw name="Close All Browsers" library="SeleniumLibrary" type="teardown">
<doc>Closes all open browsers and resets the browser cache.</doc>
<status status="PASS" starttime="20220206 12:44:18.748" endtime="20220206 12:44:20.820"></status>
</kw>
<status status="FAIL" starttime="20220206 12:44:15.117" endtime="20220206 12:44:20.821" critical="yes">FileNotFoundError: [Errno 2] No such file or directory: 'I:\\OLA_Robot_Framework\\git_automation\\BB_Automation\\Testcases//Testdata//Objectrepo//objectrepo.xlsx'</status>
</test>
<status status="FAIL" starttime="20220206 12:44:13.345" endtime="20220206 12:44:20.823"></status>
</suite>
<statistics>
<total>
<stat pass="0" fail="1">Critical Tests</stat>
<stat pass="0" fail="1">All Tests</stat>
</total>
<tag>
</tag>
<suite>
<stat pass="0" fail="1" id="s1" name="BB automation">BB automation</stat>
</suite>
</statistics>
<errors>
</errors>
</robot>
