<?xml version="1.0" encoding="UTF-8"?>
<robot generator="Robot 3.1.2 (Python 3.6.8 on win32)" generated="20220205 09:57:12.273" rpa="false">
<suite id="s1" name="BB automation" source="I:\OLA_Robot_Framework\git_automation\BB_Automation\Testcases\BB_automation.robot">
<test id="s1-t1" name="TC01_Accountsummaryverfication">
<kw name="Openbb_app" library="app_keywords">
<kw name="Open Browser" library="SeleniumLibrary">
<doc>Opens a new browser instance to the optional ``url``.</doc>
<arguments>
<arg>${url}</arg>
<arg>${browser}</arg>
</arguments>
<msg timestamp="20220205 09:57:14.159" level="INFO">Opening browser 'gc' to base url 'https://bbsitedemo.btbanking.com/onlineserv/CM/?D=5472'.</msg>
<status status="PASS" starttime="20220205 09:57:14.158" endtime="20220205 09:57:16.979"></status>
</kw>
<kw name="web_clickelement" library="Commonkeywords">
<arguments>
<arg>landingpage</arg>
<arg>loginlink</arg>
</arguments>
<kw name="GetLocatorDetails" library="Commonkeywords">
<arguments>
<arg>${pagename}</arg>
<arg>${fieldname}</arg>
</arguments>
<kw name="Log Many" library="BuiltIn">
<doc>Logs the given messages as separate entries using the INFO level.</doc>
<arguments>
<arg>${ObjFile}</arg>
<arg>${pagename}</arg>
<arg>${fieldname}</arg>
</arguments>
<msg timestamp="20220205 09:57:16.981" level="INFO">I:\OLA_Robot_Framework\git_automation\BB_Automation//Testdata//Objectrepo//objectrepo.xlsx</msg>
<msg timestamp="20220205 09:57:16.981" level="INFO">landingpage</msg>
<msg timestamp="20220205 09:57:16.981" level="INFO">loginlink</msg>
<status status="PASS" starttime="20220205 09:57:16.980" endtime="20220205 09:57:16.981"></status>
</kw>
<kw name="Openexcel" library="excellib">
<arguments>
<arg>${ObjFile}</arg>
<arg>Sheet</arg>
</arguments>
<status status="PASS" starttime="20220205 09:57:16.981" endtime="20220205 09:57:17.019"></status>
</kw>
<kw name="Filterbasedonpagenameandfieldname" library="excellib">
<arguments>
<arg>${pagename}</arg>
<arg>${fieldname}</arg>
</arguments>
<status status="PASS" starttime="20220205 09:57:17.020" endtime="20220205 09:57:17.022"></status>
</kw>
<kw name="Converttolist" library="excellib">
<assign>
<var>${result}</var>
</assign>
<msg timestamp="20220205 09:57:17.022" level="INFO">${result} = [['landingpage', 'loginlink', '//a[text()="Click here to view an Interactive Demo"]', '20s', '1s', nan]]</msg>
<status status="PASS" starttime="20220205 09:57:17.022" endtime="20220205 09:57:17.022"></status>
</kw>
<kw name="Set Test Variable" library="BuiltIn">
<doc>Makes a variable available everywhere within the scope of the current test.</doc>
<arguments>
<arg>${name}</arg>
<arg>${result}[0][0]</arg>
</arguments>
<msg timestamp="20220205 09:57:17.023" level="INFO">${name} = landingpage</msg>
<status status="PASS" starttime="20220205 09:57:17.022" endtime="20220205 09:57:17.023"></status>
</kw>
<kw name="Set Test Variable" library="BuiltIn">
<doc>Makes a variable available everywhere within the scope of the current test.</doc>
<arguments>
<arg>${field}</arg>
<arg>${result}[0][1]</arg>
</arguments>
<msg timestamp="20220205 09:57:17.025" level="INFO">${field} = loginlink</msg>
<status status="PASS" starttime="20220205 09:57:17.023" endtime="20220205 09:57:17.025"></status>
</kw>
<kw name="Set Test Variable" library="BuiltIn">
<doc>Makes a variable available everywhere within the scope of the current test.</doc>
<arguments>
<arg>${locator}</arg>
<arg>${result}[0][2]</arg>
</arguments>
<msg timestamp="20220205 09:57:17.026" level="INFO">${locator} = //a[text()="Click here to view an Interactive Demo"]</msg>
<status status="PASS" starttime="20220205 09:57:17.025" endtime="20220205 09:57:17.026"></status>
</kw>
<kw name="Set Test Variable" library="BuiltIn">
<doc>Makes a variable available everywhere within the scope of the current test.</doc>
<arguments>
<arg>${beforewait}</arg>
<arg>${result}[0][3]</arg>
</arguments>
<msg timestamp="20220205 09:57:17.027" level="INFO">${beforewait} = 20s</msg>
<status status="PASS" starttime="20220205 09:57:17.026" endtime="20220205 09:57:17.028"></status>
</kw>
<kw name="Set Test Variable" library="BuiltIn">
<doc>Makes a variable available everywhere within the scope of the current test.</doc>
<arguments>
<arg>${afterwait}</arg>
<arg>${result}[0][4]</arg>
</arguments>
<msg timestamp="20220205 09:57:17.029" level="INFO">${afterwait} = 1s</msg>
<status status="PASS" starttime="20220205 09:57:17.028" endtime="20220205 09:57:17.029"></status>
</kw>
<status status="PASS" starttime="20220205 09:57:16.980" endtime="20220205 09:57:17.029"></status>
</kw>
<kw name="Run Keyword And Return Status" library="BuiltIn">
<doc>Runs the given keyword with given arguments and returns the status as a Boolean value.</doc>
<arguments>
<arg>Wait Until Element Is Visible</arg>
<arg>${locator}</arg>
<arg>${beforewait}</arg>
</arguments>
<assign>
<var>${keywordstatus}</var>
</assign>
<kw name="Wait Until Element Is Visible" library="SeleniumLibrary">
<doc>Waits until the element ``locator`` is visible.</doc>
<arguments>
<arg>${locator}</arg>
<arg>${beforewait}</arg>
</arguments>
<status status="PASS" starttime="20220205 09:57:17.029" endtime="20220205 09:57:17.060"></status>
</kw>
<msg timestamp="20220205 09:57:17.060" level="INFO">${keywordstatus} = True</msg>
<status status="PASS" starttime="20220205 09:57:17.029" endtime="20220205 09:57:17.061"></status>
</kw>
<kw name="Run Keyword And Return Status" library="BuiltIn">
<doc>Runs the given keyword with given arguments and returns the status as a Boolean value.</doc>
<arguments>
<arg>Wait Until Keyword Succeeds</arg>
<arg>10</arg>
<arg>2s</arg>
<arg>Click Element</arg>
<arg>${locator}</arg>
</arguments>
<assign>
<var>${keywordstatus}</var>
</assign>
<kw name="Wait Until Keyword Succeeds" library="BuiltIn">
<doc>Runs the specified keyword and retries if it fails.</doc>
<arguments>
<arg>10</arg>
<arg>2s</arg>
<arg>Click Element</arg>
<arg>${locator}</arg>
</arguments>
<kw name="Click Element" library="SeleniumLibrary">
<doc>Click the element identified by ``locator``.</doc>
<arguments>
<arg>${locator}</arg>
</arguments>
<msg timestamp="20220205 09:57:17.063" level="INFO">Clicking element '//a[text()="Click here to view an Interactive Demo"]'.</msg>
<status status="PASS" starttime="20220205 09:57:17.062" endtime="20220205 09:57:19.053"></status>
</kw>
<status status="PASS" starttime="20220205 09:57:17.061" endtime="20220205 09:57:19.053"></status>
</kw>
<msg timestamp="20220205 09:57:19.054" level="INFO">${keywordstatus} = True</msg>
<status status="PASS" starttime="20220205 09:57:17.061" endtime="20220205 09:57:19.054"></status>
</kw>
<kw name="Sleep" library="BuiltIn">
<doc>Pauses the test executed for the given time.</doc>
<arguments>
<arg>${afterwait}</arg>
</arguments>
<msg timestamp="20220205 09:57:20.068" level="INFO">Slept 1 second</msg>
<status status="PASS" starttime="20220205 09:57:19.054" endtime="20220205 09:57:20.068"></status>
</kw>
<kw name="Run Keyword If" library="BuiltIn">
<doc>Runs the given keyword with the given arguments, if ``condition`` is true.</doc>
<arguments>
<arg>"${keywordstatus}"=="False"</arg>
<arg>Fail</arg>
<arg>${fieldname} is not visible on the screen \ ${pagename}... so please check</arg>
</arguments>
<status status="PASS" starttime="20220205 09:57:20.068" endtime="20220205 09:57:20.069"></status>
</kw>
<status status="PASS" starttime="20220205 09:57:16.980" endtime="20220205 09:57:20.069"></status>
</kw>
<status status="PASS" starttime="20220205 09:57:14.157" endtime="20220205 09:57:20.069"></status>
</kw>
<kw name="Maximize Browser Window" library="SeleniumLibrary">
<doc>Maximizes current browser window.</doc>
<status status="PASS" starttime="20220205 09:57:20.070" endtime="20220205 09:57:20.238"></status>
</kw>
<kw name="web_Mouseover" library="Commonkeywords">
<arguments>
<arg>landingpage</arg>
<arg>Administration</arg>
</arguments>
<kw name="GetLocatorDetails" library="Commonkeywords">
<arguments>
<arg>${pagename}</arg>
<arg>${fieldname}</arg>
</arguments>
<kw name="Log Many" library="BuiltIn">
<doc>Logs the given messages as separate entries using the INFO level.</doc>
<arguments>
<arg>${ObjFile}</arg>
<arg>${pagename}</arg>
<arg>${fieldname}</arg>
</arguments>
<msg timestamp="20220205 09:57:20.240" level="INFO">I:\OLA_Robot_Framework\git_automation\BB_Automation//Testdata//Objectrepo//objectrepo.xlsx</msg>
<msg timestamp="20220205 09:57:20.240" level="INFO">landingpage</msg>
<msg timestamp="20220205 09:57:20.240" level="INFO">Administration</msg>
<status status="PASS" starttime="20220205 09:57:20.240" endtime="20220205 09:57:20.241"></status>
</kw>
<kw name="Openexcel" library="excellib">
<arguments>
<arg>${ObjFile}</arg>
<arg>Sheet</arg>
</arguments>
<status status="PASS" starttime="20220205 09:57:20.241" endtime="20220205 09:57:20.285"></status>
</kw>
<kw name="Filterbasedonpagenameandfieldname" library="excellib">
<arguments>
<arg>${pagename}</arg>
<arg>${fieldname}</arg>
</arguments>
<status status="PASS" starttime="20220205 09:57:20.285" endtime="20220205 09:57:20.288"></status>
</kw>
<kw name="Converttolist" library="excellib">
<assign>
<var>${result}</var>
</assign>
<msg timestamp="20220205 09:57:20.289" level="INFO">${result} = [['landingpage', 'Administration', "//a[@id='topTabAdmin']", '20s', '1s', nan]]</msg>
<status status="PASS" starttime="20220205 09:57:20.289" endtime="20220205 09:57:20.289"></status>
</kw>
<kw name="Set Test Variable" library="BuiltIn">
<doc>Makes a variable available everywhere within the scope of the current test.</doc>
<arguments>
<arg>${name}</arg>
<arg>${result}[0][0]</arg>
</arguments>
<msg timestamp="20220205 09:57:20.290" level="INFO">${name} = landingpage</msg>
<status status="PASS" starttime="20220205 09:57:20.290" endtime="20220205 09:57:20.290"></status>
</kw>
<kw name="Set Test Variable" library="BuiltIn">
<doc>Makes a variable available everywhere within the scope of the current test.</doc>
<arguments>
<arg>${field}</arg>
<arg>${result}[0][1]</arg>
</arguments>
<msg timestamp="20220205 09:57:20.291" level="INFO">${field} = Administration</msg>
<status status="PASS" starttime="20220205 09:57:20.290" endtime="20220205 09:57:20.291"></status>
</kw>
<kw name="Set Test Variable" library="BuiltIn">
<doc>Makes a variable available everywhere within the scope of the current test.</doc>
<arguments>
<arg>${locator}</arg>
<arg>${result}[0][2]</arg>
</arguments>
<msg timestamp="20220205 09:57:20.292" level="INFO">${locator} = //a[@id='topTabAdmin']</msg>
<status status="PASS" starttime="20220205 09:57:20.291" endtime="20220205 09:57:20.292"></status>
</kw>
<kw name="Set Test Variable" library="BuiltIn">
<doc>Makes a variable available everywhere within the scope of the current test.</doc>
<arguments>
<arg>${beforewait}</arg>
<arg>${result}[0][3]</arg>
</arguments>
<msg timestamp="20220205 09:57:20.292" level="INFO">${beforewait} = 20s</msg>
<status status="PASS" starttime="20220205 09:57:20.292" endtime="20220205 09:57:20.292"></status>
</kw>
<kw name="Set Test Variable" library="BuiltIn">
<doc>Makes a variable available everywhere within the scope of the current test.</doc>
<arguments>
<arg>${afterwait}</arg>
<arg>${result}[0][4]</arg>
</arguments>
<msg timestamp="20220205 09:57:20.293" level="INFO">${afterwait} = 1s</msg>
<status status="PASS" starttime="20220205 09:57:20.293" endtime="20220205 09:57:20.293"></status>
</kw>
<status status="PASS" starttime="20220205 09:57:20.239" endtime="20220205 09:57:20.293"></status>
</kw>
<kw name="Run Keyword And Return Status" library="BuiltIn">
<doc>Runs the given keyword with given arguments and returns the status as a Boolean value.</doc>
<arguments>
<arg>Wait Until Element Is Visible</arg>
<arg>${locator}</arg>
<arg>${beforewait}</arg>
</arguments>
<assign>
<var>${keywordstatus}</var>
</assign>
<kw name="Wait Until Element Is Visible" library="SeleniumLibrary">
<doc>Waits until the element ``locator`` is visible.</doc>
<arguments>
<arg>${locator}</arg>
<arg>${beforewait}</arg>
</arguments>
<status status="PASS" starttime="20220205 09:57:20.293" endtime="20220205 09:57:20.322"></status>
</kw>
<msg timestamp="20220205 09:57:20.322" level="INFO">${keywordstatus} = True</msg>
<status status="PASS" starttime="20220205 09:57:20.293" endtime="20220205 09:57:20.323"></status>
</kw>
<kw name="Run Keyword And Return Status" library="BuiltIn">
<doc>Runs the given keyword with given arguments and returns the status as a Boolean value.</doc>
<arguments>
<arg>Wait Until Keyword Succeeds</arg>
<arg>10</arg>
<arg>2s</arg>
<arg>Mouse Over</arg>
<arg>${locator}</arg>
</arguments>
<assign>
<var>${keywordstatus}</var>
</assign>
<kw name="Wait Until Keyword Succeeds" library="BuiltIn">
<doc>Runs the specified keyword and retries if it fails.</doc>
<arguments>
<arg>10</arg>
<arg>2s</arg>
<arg>Mouse Over</arg>
<arg>${locator}</arg>
</arguments>
<kw name="Mouse Over" library="SeleniumLibrary">
<doc>Simulates hovering the mouse over the element ``locator``.</doc>
<arguments>
<arg>${locator}</arg>
</arguments>
<msg timestamp="20220205 09:57:20.323" level="INFO">Simulating Mouse Over on element '//a[@id='topTabAdmin']'.</msg>
<status status="PASS" starttime="20220205 09:57:20.323" endtime="20220205 09:57:20.611"></status>
</kw>
<status status="PASS" starttime="20220205 09:57:20.323" endtime="20220205 09:57:20.611"></status>
</kw>
<msg timestamp="20220205 09:57:20.611" level="INFO">${keywordstatus} = True</msg>
<status status="PASS" starttime="20220205 09:57:20.323" endtime="20220205 09:57:20.611"></status>
</kw>
<kw name="Sleep" library="BuiltIn">
<doc>Pauses the test executed for the given time.</doc>
<arguments>
<arg>${afterwait}</arg>
</arguments>
<msg timestamp="20220205 09:57:21.618" level="INFO">Slept 1 second</msg>
<status status="PASS" starttime="20220205 09:57:20.611" endtime="20220205 09:57:21.618"></status>
</kw>
<kw name="Run Keyword If" library="BuiltIn">
<doc>Runs the given keyword with the given arguments, if ``condition`` is true.</doc>
<arguments>
<arg>"${keywordstatus}"=="False"</arg>
<arg>Fail</arg>
<arg>${fieldname} is not visible on the screen \ ${pagename}... so please check</arg>
</arguments>
<status status="PASS" starttime="20220205 09:57:21.618" endtime="20220205 09:57:21.619"></status>
</kw>
<status status="PASS" starttime="20220205 09:57:20.239" endtime="20220205 09:57:21.619"></status>
</kw>
<kw name="web_clickelement" library="Commonkeywords">
<arguments>
<arg>landingpage</arg>
<arg>add_edit_user</arg>
</arguments>
<kw name="GetLocatorDetails" library="Commonkeywords">
<arguments>
<arg>${pagename}</arg>
<arg>${fieldname}</arg>
</arguments>
<kw name="Log Many" library="BuiltIn">
<doc>Logs the given messages as separate entries using the INFO level.</doc>
<arguments>
<arg>${ObjFile}</arg>
<arg>${pagename}</arg>
<arg>${fieldname}</arg>
</arguments>
<msg timestamp="20220205 09:57:21.620" level="INFO">I:\OLA_Robot_Framework\git_automation\BB_Automation//Testdata//Objectrepo//objectrepo.xlsx</msg>
<msg timestamp="20220205 09:57:21.621" level="INFO">landingpage</msg>
<msg timestamp="20220205 09:57:21.621" level="INFO">add_edit_user</msg>
<status status="PASS" starttime="20220205 09:57:21.620" endtime="20220205 09:57:21.621"></status>
</kw>
<kw name="Openexcel" library="excellib">
<arguments>
<arg>${ObjFile}</arg>
<arg>Sheet</arg>
</arguments>
<status status="PASS" starttime="20220205 09:57:21.621" endtime="20220205 09:57:21.646"></status>
</kw>
<kw name="Filterbasedonpagenameandfieldname" library="excellib">
<arguments>
<arg>${pagename}</arg>
<arg>${fieldname}</arg>
</arguments>
<status status="PASS" starttime="20220205 09:57:21.646" endtime="20220205 09:57:21.647"></status>
</kw>
<kw name="Converttolist" library="excellib">
<assign>
<var>${result}</var>
</assign>
<msg timestamp="20220205 09:57:21.648" level="INFO">${result} = [['landingpage', 'add_edit_user', "//a[text()='Add/Change/Remove Users']", '20s', '1s', nan]]</msg>
<status status="PASS" starttime="20220205 09:57:21.647" endtime="20220205 09:57:21.648"></status>
</kw>
<kw name="Set Test Variable" library="BuiltIn">
<doc>Makes a variable available everywhere within the scope of the current test.</doc>
<arguments>
<arg>${name}</arg>
<arg>${result}[0][0]</arg>
</arguments>
<msg timestamp="20220205 09:57:21.648" level="INFO">${name} = landingpage</msg>
<status status="PASS" starttime="20220205 09:57:21.648" endtime="20220205 09:57:21.648"></status>
</kw>
<kw name="Set Test Variable" library="BuiltIn">
<doc>Makes a variable available everywhere within the scope of the current test.</doc>
<arguments>
<arg>${field}</arg>
<arg>${result}[0][1]</arg>
</arguments>
<msg timestamp="20220205 09:57:21.649" level="INFO">${field} = add_edit_user</msg>
<status status="PASS" starttime="20220205 09:57:21.649" endtime="20220205 09:57:21.650"></status>
</kw>
<kw name="Set Test Variable" library="BuiltIn">
<doc>Makes a variable available everywhere within the scope of the current test.</doc>
<arguments>
<arg>${locator}</arg>
<arg>${result}[0][2]</arg>
</arguments>
<msg timestamp="20220205 09:57:21.650" level="INFO">${locator} = //a[text()='Add/Change/Remove Users']</msg>
<status status="PASS" starttime="20220205 09:57:21.650" endtime="20220205 09:57:21.650"></status>
</kw>
<kw name="Set Test Variable" library="BuiltIn">
<doc>Makes a variable available everywhere within the scope of the current test.</doc>
<arguments>
<arg>${beforewait}</arg>
<arg>${result}[0][3]</arg>
</arguments>
<msg timestamp="20220205 09:57:21.650" level="INFO">${beforewait} = 20s</msg>
<status status="PASS" starttime="20220205 09:57:21.650" endtime="20220205 09:57:21.651"></status>
</kw>
<kw name="Set Test Variable" library="BuiltIn">
<doc>Makes a variable available everywhere within the scope of the current test.</doc>
<arguments>
<arg>${afterwait}</arg>
<arg>${result}[0][4]</arg>
</arguments>
<msg timestamp="20220205 09:57:21.651" level="INFO">${afterwait} = 1s</msg>
<status status="PASS" starttime="20220205 09:57:21.651" endtime="20220205 09:57:21.651"></status>
</kw>
<status status="PASS" starttime="20220205 09:57:21.620" endtime="20220205 09:57:21.651"></status>
</kw>
<kw name="Run Keyword And Return Status" library="BuiltIn">
<doc>Runs the given keyword with given arguments and returns the status as a Boolean value.</doc>
<arguments>
<arg>Wait Until Element Is Visible</arg>
<arg>${locator}</arg>
<arg>${beforewait}</arg>
</arguments>
<assign>
<var>${keywordstatus}</var>
</assign>
<kw name="Wait Until Element Is Visible" library="SeleniumLibrary">
<doc>Waits until the element ``locator`` is visible.</doc>
<arguments>
<arg>${locator}</arg>
<arg>${beforewait}</arg>
</arguments>
<status status="PASS" starttime="20220205 09:57:21.651" endtime="20220205 09:57:21.677"></status>
</kw>
<msg timestamp="20220205 09:57:21.677" level="INFO">${keywordstatus} = True</msg>
<status status="PASS" starttime="20220205 09:57:21.651" endtime="20220205 09:57:21.677"></status>
</kw>
<kw name="Run Keyword And Return Status" library="BuiltIn">
<doc>Runs the given keyword with given arguments and returns the status as a Boolean value.</doc>
<arguments>
<arg>Wait Until Keyword Succeeds</arg>
<arg>10</arg>
<arg>2s</arg>
<arg>Click Element</arg>
<arg>${locator}</arg>
</arguments>
<assign>
<var>${keywordstatus}</var>
</assign>
<kw name="Wait Until Keyword Succeeds" library="BuiltIn">
<doc>Runs the specified keyword and retries if it fails.</doc>
<arguments>
<arg>10</arg>
<arg>2s</arg>
<arg>Click Element</arg>
<arg>${locator}</arg>
</arguments>
<kw name="Click Element" library="SeleniumLibrary">
<doc>Click the element identified by ``locator``.</doc>
<arguments>
<arg>${locator}</arg>
</arguments>
<msg timestamp="20220205 09:57:21.678" level="INFO">Clicking element '//a[text()='Add/Change/Remove Users']'.</msg>
<status status="PASS" starttime="20220205 09:57:21.678" endtime="20220205 09:57:23.090"></status>
</kw>
<status status="PASS" starttime="20220205 09:57:21.677" endtime="20220205 09:57:23.090"></status>
</kw>
<msg timestamp="20220205 09:57:23.090" level="INFO">${keywordstatus} = True</msg>
<status status="PASS" starttime="20220205 09:57:21.677" endtime="20220205 09:57:23.090"></status>
</kw>
<kw name="Sleep" library="BuiltIn">
<doc>Pauses the test executed for the given time.</doc>
<arguments>
<arg>${afterwait}</arg>
</arguments>
<msg timestamp="20220205 09:57:24.098" level="INFO">Slept 1 second</msg>
<status status="PASS" starttime="20220205 09:57:23.090" endtime="20220205 09:57:24.098"></status>
</kw>
<kw name="Run Keyword If" library="BuiltIn">
<doc>Runs the given keyword with the given arguments, if ``condition`` is true.</doc>
<arguments>
<arg>"${keywordstatus}"=="False"</arg>
<arg>Fail</arg>
<arg>${fieldname} is not visible on the screen \ ${pagename}... so please check</arg>
</arguments>
<status status="PASS" starttime="20220205 09:57:24.098" endtime="20220205 09:57:24.099"></status>
</kw>
<status status="PASS" starttime="20220205 09:57:21.620" endtime="20220205 09:57:24.099"></status>
</kw>
<kw name="Handle Alert" library="SeleniumLibrary">
<doc>Handles the current alert and returns its message.</doc>
<arguments>
<arg>ACCEPT</arg>
</arguments>
<status status="PASS" starttime="20220205 09:57:24.100" endtime="20220205 09:57:24.106"></status>
</kw>
<kw name="web_inputtext" library="Commonkeywords">
<arguments>
<arg>add_edit_user</arg>
<arg>Username</arg>
<arg>karthikeyan</arg>
</arguments>
<kw name="GetLocatorDetails" library="Commonkeywords">
<arguments>
<arg>${pagename}</arg>
<arg>${fieldname}</arg>
</arguments>
<kw name="Log Many" library="BuiltIn">
<doc>Logs the given messages as separate entries using the INFO level.</doc>
<arguments>
<arg>${ObjFile}</arg>
<arg>${pagename}</arg>
<arg>${fieldname}</arg>
</arguments>
<msg timestamp="20220205 09:57:24.108" level="INFO">I:\OLA_Robot_Framework\git_automation\BB_Automation//Testdata//Objectrepo//objectrepo.xlsx</msg>
<msg timestamp="20220205 09:57:24.108" level="INFO">add_edit_user</msg>
<msg timestamp="20220205 09:57:24.108" level="INFO">Username</msg>
<status status="PASS" starttime="20220205 09:57:24.107" endtime="20220205 09:57:24.108"></status>
</kw>
<kw name="Openexcel" library="excellib">
<arguments>
<arg>${ObjFile}</arg>
<arg>Sheet</arg>
</arguments>
<status status="PASS" starttime="20220205 09:57:24.108" endtime="20220205 09:57:24.147"></status>
</kw>
<kw name="Filterbasedonpagenameandfieldname" library="excellib">
<arguments>
<arg>${pagename}</arg>
<arg>${fieldname}</arg>
</arguments>
<status status="PASS" starttime="20220205 09:57:24.147" endtime="20220205 09:57:24.151"></status>
</kw>
<kw name="Converttolist" library="excellib">
<assign>
<var>${result}</var>
</assign>
<msg timestamp="20220205 09:57:24.152" level="INFO">${result} = [['add_edit_user', 'Username', '//td[text()="User Name"]/parent::tr/td[2]/input', '20s', '1s', nan]]</msg>
<status status="PASS" starttime="20220205 09:57:24.152" endtime="20220205 09:57:24.152"></status>
</kw>
<kw name="Set Test Variable" library="BuiltIn">
<doc>Makes a variable available everywhere within the scope of the current test.</doc>
<arguments>
<arg>${name}</arg>
<arg>${result}[0][0]</arg>
</arguments>
<msg timestamp="20220205 09:57:24.153" level="INFO">${name} = add_edit_user</msg>
<status status="PASS" starttime="20220205 09:57:24.152" endtime="20220205 09:57:24.153"></status>
</kw>
<kw name="Set Test Variable" library="BuiltIn">
<doc>Makes a variable available everywhere within the scope of the current test.</doc>
<arguments>
<arg>${field}</arg>
<arg>${result}[0][1]</arg>
</arguments>
<msg timestamp="20220205 09:57:24.154" level="INFO">${field} = Username</msg>
<status status="PASS" starttime="20220205 09:57:24.154" endtime="20220205 09:57:24.154"></status>
</kw>
<kw name="Set Test Variable" library="BuiltIn">
<doc>Makes a variable available everywhere within the scope of the current test.</doc>
<arguments>
<arg>${locator}</arg>
<arg>${result}[0][2]</arg>
</arguments>
<msg timestamp="20220205 09:57:24.155" level="INFO">${locator} = //td[text()="User Name"]/parent::tr/td[2]/input</msg>
<status status="PASS" starttime="20220205 09:57:24.155" endtime="20220205 09:57:24.156"></status>
</kw>
<kw name="Set Test Variable" library="BuiltIn">
<doc>Makes a variable available everywhere within the scope of the current test.</doc>
<arguments>
<arg>${beforewait}</arg>
<arg>${result}[0][3]</arg>
</arguments>
<msg timestamp="20220205 09:57:24.157" level="INFO">${beforewait} = 20s</msg>
<status status="PASS" starttime="20220205 09:57:24.156" endtime="20220205 09:57:24.157"></status>
</kw>
<kw name="Set Test Variable" library="BuiltIn">
<doc>Makes a variable available everywhere within the scope of the current test.</doc>
<arguments>
<arg>${afterwait}</arg>
<arg>${result}[0][4]</arg>
</arguments>
<msg timestamp="20220205 09:57:24.158" level="INFO">${afterwait} = 1s</msg>
<status status="PASS" starttime="20220205 09:57:24.157" endtime="20220205 09:57:24.158"></status>
</kw>
<status status="PASS" starttime="20220205 09:57:24.107" endtime="20220205 09:57:24.158"></status>
</kw>
<kw name="Run Keyword And Return Status" library="BuiltIn">
<doc>Runs the given keyword with given arguments and returns the status as a Boolean value.</doc>
<arguments>
<arg>Wait Until Element Is Visible</arg>
<arg>${locator}</arg>
<arg>${beforewait}</arg>
</arguments>
<assign>
<var>${keywordstatus}</var>
</assign>
<kw name="Wait Until Element Is Visible" library="SeleniumLibrary">
<doc>Waits until the element ``locator`` is visible.</doc>
<arguments>
<arg>${locator}</arg>
<arg>${beforewait}</arg>
</arguments>
<status status="PASS" starttime="20220205 09:57:24.159" endtime="20220205 09:57:25.311"></status>
</kw>
<msg timestamp="20220205 09:57:25.311" level="INFO">${keywordstatus} = True</msg>
<status status="PASS" starttime="20220205 09:57:24.159" endtime="20220205 09:57:25.311"></status>
</kw>
<kw name="Run Keyword And Return Status" library="BuiltIn">
<doc>Runs the given keyword with given arguments and returns the status as a Boolean value.</doc>
<arguments>
<arg>Wait Until Keyword Succeeds</arg>
<arg>3</arg>
<arg>2s</arg>
<arg>Input Text</arg>
<arg>${locator}</arg>
<arg>${inputtext}</arg>
</arguments>
<assign>
<var>${keywordstatus}</var>
</assign>
<kw name="Wait Until Keyword Succeeds" library="BuiltIn">
<doc>Runs the specified keyword and retries if it fails.</doc>
<arguments>
<arg>3</arg>
<arg>2s</arg>
<arg>Input Text</arg>
<arg>${locator}</arg>
<arg>${inputtext}</arg>
</arguments>
<kw name="Input Text" library="SeleniumLibrary">
<doc>Types the given ``text`` into the text field identified by ``locator``.</doc>
<arguments>
<arg>${locator}</arg>
<arg>${inputtext}</arg>
</arguments>
<msg timestamp="20220205 09:57:25.313" level="INFO">Typing text 'karthikeyan' into text field '//td[text()="User Name"]/parent::tr/td[2]/input'.</msg>
<status status="PASS" starttime="20220205 09:57:25.313" endtime="20220205 09:57:25.404"></status>
</kw>
<status status="PASS" starttime="20220205 09:57:25.312" endtime="20220205 09:57:25.404"></status>
</kw>
<msg timestamp="20220205 09:57:25.404" level="INFO">${keywordstatus} = True</msg>
<status status="PASS" starttime="20220205 09:57:25.312" endtime="20220205 09:57:25.404"></status>
</kw>
<kw name="Sleep" library="BuiltIn">
<doc>Pauses the test executed for the given time.</doc>
<arguments>
<arg>${afterwait}</arg>
</arguments>
<msg timestamp="20220205 09:57:26.414" level="INFO">Slept 1 second</msg>
<status status="PASS" starttime="20220205 09:57:25.405" endtime="20220205 09:57:26.414"></status>
</kw>
<kw name="Run Keyword If" library="BuiltIn">
<doc>Runs the given keyword with the given arguments, if ``condition`` is true.</doc>
<arguments>
<arg>"${keywordstatus}"=="False"</arg>
<arg>Fail</arg>
<arg>${fieldname} is not visible on the screen \ ${pagename}... so please check</arg>
</arguments>
<status status="PASS" starttime="20220205 09:57:26.414" endtime="20220205 09:57:26.415"></status>
</kw>
<status status="PASS" starttime="20220205 09:57:24.106" endtime="20220205 09:57:26.415"></status>
</kw>
<kw name="Close All Browsers" library="SeleniumLibrary" type="teardown">
<doc>Closes all open browsers and resets the browser cache.</doc>
<status status="PASS" starttime="20220205 09:57:26.416" endtime="20220205 09:57:28.516"></status>
</kw>
<status status="PASS" starttime="20220205 09:57:14.156" endtime="20220205 09:57:28.517" critical="yes"></status>
</test>
<status status="PASS" starttime="20220205 09:57:12.274" endtime="20220205 09:57:28.518"></status>
</suite>
<statistics>
<total>
<stat pass="1" fail="0">Critical Tests</stat>
<stat pass="1" fail="0">All Tests</stat>
</total>
<tag>
</tag>
<suite>
<stat pass="1" fail="0" id="s1" name="BB automation">BB automation</stat>
</suite>
</statistics>
<errors>
</errors>
</robot>
